<?xml version="1.0" encoding="UTF-8"?>
<testsuite xmlns:xsi="http://www.w3.org/2001/XMLSchema-instance" xsi:noNamespaceSchemaLocation="https://maven.apache.org/surefire/maven-surefire-plugin/xsd/surefire-test-report.xsd" version="3.0.2" name="TestSuite" time="3.841" tests="5" errors="0" skipped="4" failures="1" flakes="0">
  <properties>
[...]
</properties>
  <testcase name="LaunchBrowser[Chrome](0)" classname="Jenkins.mvn.TestToBuild" time="3.585">
    <failure message="Could not start a new session. Response code 500. Message: session not created: This version of ChromeDriver only supports Chrome version 114&#10;Current browser version is 151.0.7922.76 with binary path C:\Program Files\Google\Chrome\Application\chrome.exe &#10;Host info: host: &apos;DESKTOP-PI1E5HG&apos;, ip: &apos;192.168.31.185&apos;&#10;Build info: version: &apos;4.46.0&apos;, revision: &apos;df5a634 df5a6341cbb5f8f06b836bd595752775627c80dc&apos;&#10;System info: os.name: &apos;Windows 11&apos;, os.arch: &apos;amd64&apos;, os.version: &apos;10.0&apos;, java.version: &apos;21.0.12&apos;&#10;Driver info: org.openqa.selenium.chrome.ChromeDriver&#10;Command: [null, newSession {capabilities=[Capabilities {browserName: chrome, goog:chromeOptions: {args: [], extensions: []}}]}]&#10;Capabilities {browserName: chrome, goog:chromeOptions: {args: [], extensions: []}}" type="org.openqa.selenium.SessionNotCreatedException"><![CDATA[org.openqa.selenium.SessionNotCreatedException: 
Could not start a new session. Response code 500. Message: session not created: This version of ChromeDriver only supports Chrome version 114
Current browser version is 151.0.7922.76 with binary path C:\Program Files\Google\Chrome\Application\chrome.exe 
Host info: host: 'DESKTOP-PI1E5HG', ip: '192.168.31.185'
Build info: version: '4.46.0', revision: 'df5a634 df5a6341cbb5f8f06b836bd595752775627c80dc'
System info: os.name: 'Windows 11', os.arch: 'amd64', os.version: '10.0', java.version: '21.0.12'
Driver info: org.openqa.selenium.chrome.ChromeDriver
Command: [null, newSession {capabilities=[Capabilities {browserName: chrome, goog:chromeOptions: {args: [], extensions: []}}]}]
Capabilities {browserName: chrome, goog:chromeOptions: {args: [], extensions: []}}
	at org.openqa.selenium.remote.ProtocolHandshake.createSession(ProtocolHandshake.java:115)
	at org.openqa.selenium.remote.ProtocolHandshake.createSession(ProtocolHandshake.java:76)
	at org.openqa.selenium.remote.ProtocolHandshake.createSession(ProtocolHandshake.java:62)
	at org.openqa.selenium.remote.HttpCommandExecutor.execute(HttpCommandExecutor.java:171)
	at org.openqa.selenium.remote.service.DriverCommandExecutor.invokeExecute(DriverCommandExecutor.java:217)
	at org.openqa.selenium.remote.service.DriverCommandExecutor.execute(DriverCommandExecutor.java:175)
	at org.openqa.selenium.remote.RemoteWebDriver.execute(RemoteWebDriver.java:626)
	at org.openqa.selenium.remote.RemoteWebDriver.startSession(RemoteWebDriver.java:266)
	at org.openqa.selenium.remote.RemoteWebDriver.<init>(RemoteWebDriver.java:211)
	at org.openqa.selenium.chromium.ChromiumDriver.<init>(ChromiumDriver.java:108)
	at org.openqa.selenium.chrome.ChromeDriver.<init>(ChromeDriver.java:92)
	at org.openqa.selenium.chrome.ChromeDriver.<init>(ChromeDriver.java:87)
	at org.openqa.selenium.chrome.ChromeDriver.<init>(ChromeDriver.java:51)
	at Jenkins.mvn.TestToBuild.LaunchBrowser(TestToBuild.java:28)
	at java.base/jdk.internal.reflect.DirectMethodHandleAccessor.invoke(DirectMethodHandleAccessor.java:103)
	at java.base/java.lang.reflect.Method.invoke(Method.java:580)
	at org.testng.internal.invokers.MethodInvocationHelper.invokeMethod(MethodInvocationHelper.java:141)
	at org.testng.internal.invokers.MethodInvocationHelper.invokeMethodConsideringTimeout(MethodInvocationHelper.java:71)
	at org.testng.internal.invokers.ConfigInvoker.invokeConfigurationMethod(ConfigInvoker.java:400)
	at org.testng.internal.invokers.ConfigInvoker.invokeConfigurations(ConfigInvoker.java:333)
	at org.testng.TestRunner.invokeTestConfigurations(TestRunner.java:657)
	at org.testng.TestRunner.beforeRun(TestRunner.java:646)
	at org.testng.TestRunner.run(TestRunner.java:612)
	at org.testng.SuiteRunner.runTest(SuiteRunner.java:421)
	at org.testng.SuiteRunner.runSequentially(SuiteRunner.java:413)
	at org.testng.SuiteRunner.privateRun(SuiteRunner.java:373)
	at org.testng.SuiteRunner.run(SuiteRunner.java:312)
	at org.testng.SuiteRunnerWorker.runSuite(SuiteRunnerWorker.java:52)
	at org.testng.SuiteRunnerWorker.run(SuiteRunnerWorker.java:95)
	at org.testng.TestNG.runSuitesSequentially(TestNG.java:1274)
	at org.testng.TestNG.runSuitesLocally(TestNG.java:1208)
	at org.testng.TestNG.runSuites(TestNG.java:1112)
	at org.testng.TestNG.run(TestNG.java:1079)
	at org.apache.maven.surefire.testng.TestNGExecutor.run(TestNGExecutor.java:308)
	at org.apache.maven.surefire.testng.TestNGXmlTestSuite.execute(TestNGXmlTestSuite.java:71)
	at org.apache.maven.surefire.testng.TestNGProvider.invoke(TestNGProvider.java:113)
	at org.apache.maven.surefire.booter.ForkedBooter.runSuitesInProcess(ForkedBooter.java:385)
	at org.apache.maven.surefire.booter.ForkedBooter.execute(ForkedBooter.java:162)
	at org.apache.maven.surefire.booter.ForkedBooter.run(ForkedBooter.java:507)
	at org.apache.maven.surefire.booter.ForkedBooter.main(ForkedBooter.java:495)
]]></failure>
  </testcase>
  <testcase name="selectOptions" classname="Jenkins.mvn.TestToBuild" time="0.0">
    <skipped message="Could not start a new session. Response code 500. Message: session not created: This version of ChromeDriver only supports Chrome version 114&#10;Current browser version is 151.0.7922.76 with binary path C:\Program Files\Google\Chrome\Application\chrome.exe &#10;Host info: host: &apos;DESKTOP-PI1E5HG&apos;, ip: &apos;192.168.31.185&apos;&#10;Build info: version: &apos;4.46.0&apos;, revision: &apos;df5a634 df5a6341cbb5f8f06b836bd595752775627c80dc&apos;&#10;System info: os.name: &apos;Windows 11&apos;, os.arch: &apos;amd64&apos;, os.version: &apos;10.0&apos;, java.version: &apos;21.0.12&apos;&#10;Driver info: org.openqa.selenium.chrome.ChromeDriver&#10;Command: [null, newSession {capabilities=[Capabilities {browserName: chrome, goog:chromeOptions: {args: [], extensions: []}}]}]&#10;Capabilities {browserName: chrome, goog:chromeOptions: {args: [], extensions: []}}"/>
  </testcase>
  <testcase name="hideShow" classname="Jenkins.mvn.TestToBuild" time="0.0">
    <skipped message="Could not start a new session. Response code 500. Message: session not created: This version of ChromeDriver only supports Chrome version 114&#10;Current browser version is 151.0.7922.76 with binary path C:\Program Files\Google\Chrome\Application\chrome.exe &#10;Host info: host: &apos;DESKTOP-PI1E5HG&apos;, ip: &apos;192.168.31.185&apos;&#10;Build info: version: &apos;4.46.0&apos;, revision: &apos;df5a634 df5a6341cbb5f8f06b836bd595752775627c80dc&apos;&#10;System info: os.name: &apos;Windows 11&apos;, os.arch: &apos;amd64&apos;, os.version: &apos;10.0&apos;, java.version: &apos;21.0.12&apos;&#10;Driver info: org.openqa.selenium.chrome.ChromeDriver&#10;Command: [null, newSession {capabilities=[Capabilities {browserName: chrome, goog:chromeOptions: {args: [], extensions: []}}]}]&#10;Capabilities {browserName: chrome, goog:chromeOptions: {args: [], extensions: []}}"/>
  </testcase>
  <testcase name="alertCheck" classname="Jenkins.mvn.TestToBuild" time="0.0">
    <skipped message="Could not start a new session. Response code 500. Message: session not created: This version of ChromeDriver only supports Chrome version 114&#10;Current browser version is 151.0.7922.76 with binary path C:\Program Files\Google\Chrome\Application\chrome.exe &#10;Host info: host: &apos;DESKTOP-PI1E5HG&apos;, ip: &apos;192.168.31.185&apos;&#10;Build info: version: &apos;4.46.0&apos;, revision: &apos;df5a634 df5a6341cbb5f8f06b836bd595752775627c80dc&apos;&#10;System info: os.name: &apos;Windows 11&apos;, os.arch: &apos;amd64&apos;, os.version: &apos;10.0&apos;, java.version: &apos;21.0.12&apos;&#10;Driver info: org.openqa.selenium.chrome.ChromeDriver&#10;Command: [null, newSession {capabilities=[Capabilities {browserName: chrome, goog:chromeOptions: {args: [], extensions: []}}]}]&#10;Capabilities {browserName: chrome, goog:chromeOptions: {args: [], extensions: []}}"/>
  </testcase>
  <testcase name="closeDriver" classname="Jenkins.mvn.TestToBuild" time="0.0">
    <skipped/>
  </testcase>
</testsuite>